<?xml version="1.0" encoding="UTF-8"?>
<!-- Generated by org.testng.reporters.JUnitReportReporter -->
<testsuite hostname="U0128625-W7A" name="TestNG" tests="1" failures="0" timestamp="10 Feb 2017 17:34:50 GMT" time="5.111" errors="0">
  <testcase name="searchbox" time="5.111" classname="TestNG"/>
</testsuite> <!-- TestNG -->
